<?xml version="1.0" encoding="UTF-8"?>
<robot generator="Robot 7.0 (Python 3.12.1 on win32)" generated="2024-02-12T15:08:49.150338" rpa="false" schemaversion="5">
<suite id="s1" name="carRental" source="C:\Users\T440p\PycharmProjects\selenium-lab\infotivCarRental\tests\carRental.robot">
<kw name="Setup Test Environment" owner="carRentalResources" type="SETUP">
<kw name="Open Browser" owner="SeleniumLibrary">
<msg time="2024-02-12T15:08:49.388206" level="INFO">Opening browser 'Chrome' to base url 'https://rental4.infotiv.net/'.</msg>
<arg>${rental_site_url}</arg>
<arg>${browser}</arg>
<doc>Opens a new browser instance to the optional ``url``.</doc>
<status status="PASS" start="2024-02-12T15:08:49.388206" elapsed="2.169036"/>
</kw>
<kw name="Maximize Browser Window" owner="SeleniumLibrary">
<doc>Maximizes current browser window.</doc>
<status status="PASS" start="2024-02-12T15:08:51.557242" elapsed="0.112190"/>
</kw>
<kw name="Input Text" owner="SeleniumLibrary">
<msg time="2024-02-12T15:08:51.670430" level="INFO">Typing text 'kungen@slottet.se' into text field '//input[@id='email']'.</msg>
<arg>//input[@id='email']</arg>
<arg>${user_email}</arg>
<doc>Types the given ``text`` into the text field identified by ``locator``.</doc>
<status status="PASS" start="2024-02-12T15:08:51.669432" elapsed="0.119934"/>
</kw>
<kw name="Input Password" owner="SeleniumLibrary">
<msg time="2024-02-12T15:08:51.790366" level="INFO">Typing password into text field '//input[@id='password']'.</msg>
<msg time="2024-02-12T15:08:51.829328" level="INFO">Temporally setting log level to: NONE</msg>
<arg>//input[@id='password']</arg>
<arg>${user_password}</arg>
<doc>Types the given password into the text field identified by ``locator``.</doc>
<status status="PASS" start="2024-02-12T15:08:51.790366" elapsed="0.086952"/>
</kw>
<kw name="Click Button" owner="SeleniumLibrary">
<msg time="2024-02-12T15:08:51.878300" level="INFO">Clicking button '//button[@id='login']'.</msg>
<arg>//button[@id='login']</arg>
<doc>Clicks the button identified by ``locator``.</doc>
<status status="PASS" start="2024-02-12T15:08:51.878300" elapsed="0.308437"/>
</kw>
<kw name="Wait Until Page Contains" owner="SeleniumLibrary">
<arg>You are signed in as ${user_first_name}</arg>
<arg>timeout=5s</arg>
<doc>Waits until ``text`` appears on the current page.</doc>
<status status="PASS" start="2024-02-12T15:08:52.187751" elapsed="0.013979"/>
</kw>
<doc>Open rental site with Chrome and log in on existing user account</doc>
<status status="PASS" start="2024-02-12T15:08:49.387211" elapsed="2.815531"/>
</kw>
<test id="s1-t1" name="Login to" line="8">
<kw name="Login" owner="carRentalResources">
<kw name="Click Button" owner="SeleniumLibrary">
<msg time="2024-02-12T15:08:52.203738" level="INFO">Clicking button '//button[@id='continue']'.</msg>
<arg>//button[@id='continue']</arg>
<doc>Clicks the button identified by ``locator``.</doc>
<status status="PASS" start="2024-02-12T15:08:52.203738" elapsed="0.533766"/>
</kw>
<status status="PASS" start="2024-02-12T15:08:52.202742" elapsed="0.534762"/>
</kw>
<status status="PASS" start="2024-02-12T15:08:52.202742" elapsed="0.535772"/>
</test>
<doc>Tests for renting a car on Infotiv's car rental site</doc>
<status status="PASS" start="2024-02-12T15:08:49.152329" elapsed="3.586185"/>
</suite>
<statistics>
<total>
<stat pass="1" fail="0" skip="0">All Tests</stat>
</total>
<tag>
</tag>
<suite>
<stat pass="1" fail="0" skip="0" id="s1" name="carRental">carRental</stat>
</suite>
</statistics>
<errors>
</errors>
</robot>
